sat
(
  (define-fun p_amount_uint256 () (_ BitVec 256)
    #x000000000000000000000000000000009f7b3e32310756a728445784a4a80230)
  (define-fun storage_0xaaaa0001_157_2_00 () (Array (_ BitVec 512) (_ BitVec 256))
    ((as const (Array (_ BitVec 512) (_ BitVec 256)))
  #x0000000000000000000000000000000000000000000000000000000000000000))
  (define-fun storage_0xaaaa0001_161_2_00 () (Array (_ BitVec 512) (_ BitVec 256))
    ((as const (Array (_ BitVec 512) (_ BitVec 256)))
  #x0000000000000000000000000000000000000000000000000000000000000000))
  (define-fun sha3_var_15 () (_ BitVec 256)
    #xbffffffffffffffffffeffffffffffffffffffffffffffff800000800000001f)
  (define-fun sha3_var_09 () (_ BitVec 256)
    #xbffffffffffffffffffeffffffffffffffffffffffffffff800000800000001f)
  (define-fun sha3_var_05 () (_ BitVec 256)
    #x000000000000000000010000000000000000000000000000189d91520bf5250e)
  (define-fun storage_0xaaaa0001_157_2_01 () (Array (_ BitVec 512) (_ BitVec 256))
    (store ((as const (Array (_ BitVec 512) (_ BitVec 256)))
         #x0000000000000000000000000000000000000000000000000000000000000000)
       #x00000000000000000000000000000000000000000000000000000000000000000000000000000000000000000000000000000000000000000000000000000000
       #x000000000000000000000000000000009f7b3e32310756a728445784a4a80230))
  (define-fun sha3_var_07 () (_ BitVec 256)
    #xbffffffffffffffffffeffffffffffffffffffffffffffff800000800000001f)
  (define-fun sha3_var_22 () (_ BitVec 256)
    #x000000000000000000010000000000000000000000000000189d91520bf5250e)
  (define-fun sha3_var_19 () (_ BitVec 256)
    #x000000000000000000010000000000000000000000000000189d91520bf5250e)
  (define-fun call_exit_code_00 () (_ BitVec 256)
    #xffffffffffffffffffffffffffffffffffffffffffffffffffffffffffffffff)
  (define-fun sha3_var_14 () (_ BitVec 256)
    #xbffffffffffffffffffeffffffffffffffffffffffffffff800000800000001f)
  (define-fun sha3_var_11 () (_ BitVec 256)
    #x000000000000000000010000000000000000000000000000189d91520bf5250e)
  (define-fun sha3_var_06 () (_ BitVec 256)
    #xbffffffffffffffffffeffffffffffffffffffffffffffff800000800000001f)
  (define-fun sha3_var_21 () (_ BitVec 256)
    #xbffffffffffffffffffeffffffffffffffffffffffffffff800000800000001f)
  (define-fun sha3_var_23 () (_ BitVec 256)
    #xbffffffffffffffffffeffffffffffffffffffffffffffff800000800000001f)
  (define-fun sha3_var_03 () (_ BitVec 256)
    #xbffffffffffffffffffeffffffffffffffffffffffffffff800000800000001f)
  (define-fun sha3_var_01 () (_ BitVec 256)
    #x000000000000000000010000000000000000000000000000189d91520bf5250e)
  (define-fun sha3_var_18 () (_ BitVec 256)
    #xbffffffffffffffffffeffffffffffffffffffffffffffff800000800000001f)
  (define-fun sha3_var_00 () (_ BitVec 256)
    #x000000000000000000010000000000000000000000000000189d91520bf5250e)
  (define-fun sha3_var_02 () (_ BitVec 256)
    #xbffffffffffffffffffeffffffffffffffffffffffffffff800000800000001f)
  (define-fun sha3_var_20 () (_ BitVec 256)
    #xbffffffffffffffffffeffffffffffffffffffffffffffff800000800000001f)
  (define-fun sha3_var_13 () (_ BitVec 256)
    #x000000000000000000010000000000000000000000000000189d91520bf5250e)
  (define-fun sha3_var_16 () (_ BitVec 256)
    #xbffffffffffffffffffeffffffffffffffffffffffffffff800000800000001f)
  (define-fun storage_0xaaaa0001_157_2_02 () (Array (_ BitVec 512) (_ BitVec 256))
    ((as const (Array (_ BitVec 512) (_ BitVec 256)))
  #x0000000000000000000000000000000000000000000000000000000000000000))
  (define-fun sha3_var_10 () (_ BitVec 256)
    #x000000000000000000010000000000000000000000000000189d91520bf5250e)
  (define-fun sha3_var_08 () (_ BitVec 256)
    #x000000000000000000010000000000000000000000000000189d91520bf5250e)
  (define-fun storage_0xaaaa0001_157_2_03 () (Array (_ BitVec 512) (_ BitVec 256))
    (store ((as const (Array (_ BitVec 512) (_ BitVec 256)))
         #x0000000000000000000000000000000000000000000000000000000000000000)
       #x00000000000000000000000000000000000000000000000000000000000000000000000000000000000000000000000000000000000000000000000000000000
       #x000000000000000000000000000000009f7b3e32310756a728445784a4a80230))
  (define-fun sha3_var_04 () (_ BitVec 256)
    #xbffffffffffffffffffeffffffffffffffffffffffffffff800000800000001f)
  (define-fun sha3_var_17 () (_ BitVec 256)
    #xbffffffffffffffffffeffffffffffffffffffffffffffff800000800000001f)
  (define-fun sha3_var_12 () (_ BitVec 256)
    #x000000000000000000010000000000000000000000000000189d91520bf5250e)
  (define-fun sha3_512 ((x!0 (_ BitVec 512))) (_ BitVec 256)
    (ite (= x!0
            #x0000000000000000000000000000000000000000000000000000000000000000000000000000000000000000000000000000000000000000000000000000009d)
      #xbffffffffffffffffffeffffffffffffffffffffffffffff800000800000001f
    (ite (= x!0
            #x000000000000000000000000000000000000000000000000000000000000000000000000000000000000000000000000000000000000000000000000000000a1)
      #x000000000000000000010000000000000000000000000000189d91520bf5250e
      #x0000000000000000000000000000000000000000000000000000000000000000)))
  (define-fun call_288 ((x!0 (_ BitVec 256))
   (x!1 (_ BitVec 256))
   (x!2 (_ BitVec 160))
   (x!3 (_ BitVec 256))
   (x!4 (_ BitVec 288))) (_ BitVec 256)
    (ite (and (= x!0
                 #x0000000000000000000000000000000000000000000000000000000000000000)
              (= x!1
                 #x0000000000000000000000000000000000000000000000000000000000000000)
              (= x!2 #x7109709ecfa91a80626ff3989d68f67f5b1dd12d)
              (= x!3
                 #x0000000000000000000000000000000000000000000000000000000000000000)
              (= x!4
                 #x4c63e5620000000000000000000000000000000000000000000000000000000000000001))
      #xffffffffffffffffffffffffffffffffffffffffffffffffffffffffffffffff
      #x0000000000000000000000000000000000000000000000000000000000000000))
  (define-fun extcodesize ((x!0 (_ BitVec 160))) (_ BitVec 256)
    (ite (= x!0 #x7109709ecfa91a80626ff3989d68f67f5b1dd12d)
      #x0000000000000000000000000000000000000000000000000000000000000003
      #x0000000000000000000000000000000000000000000000000000000000000000))
  (define-fun gas ((x!0 (_ BitVec 256))) (_ BitVec 256)
    #x0000000000000000000000000000000000000000000000000000000000000000)
  (define-fun evm_bvudiv ((x!0 (_ BitVec 256)) (x!1 (_ BitVec 256))) (_ BitVec
     256)
    #x0000000000000000000000000000000000000000000000000000000000000000)
)