sat
(
  (define-fun p_amount_uint256 () (_ BitVec 256)
    #x00000000000000000000000000000000a021f6670f959fb44812137232dfdf2e)
  (define-fun storage_0xaaaa0001_157_2_00 () (Array (_ BitVec 512) (_ BitVec 256))
    ((as const (Array (_ BitVec 512) (_ BitVec 256)))
  #x0000000000000000000000000000000000000000000000000000000000000000))
  (define-fun storage_0xaaaa0001_161_2_00 () (Array (_ BitVec 512) (_ BitVec 256))
    ((as const (Array (_ BitVec 512) (_ BitVec 256)))
  #x0000000000000000000000000000000000000000000000000000000000000000))
  (define-fun storage_0xaaaa0001_162_2_00 () (Array (_ BitVec 512) (_ BitVec 256))
    ((as const (Array (_ BitVec 512) (_ BitVec 256)))
  #x0000000000000000000000000000000000000000000000000000000000000000))
  (define-fun sha3_var_15 () (_ BitVec 256)
    #xd04e30a06a9113e11754c030740c90fb638ecb3ce13c69a7726e7c34db9381a0)
  (define-fun sha3_var_09 () (_ BitVec 256)
    #x19810b0e8704e41228a703118833473244792b00185197ee328d020934e0d080)
  (define-fun sha3_var_05 () (_ BitVec 256)
    #xd04e30a06a9113e11754c030740c90fb638ecb3ce13c69a7726e7c34db9381a0)
  (define-fun sha3_var_37 () (_ BitVec 256)
    #xd04e30a06a9113e11754c030740c90fb638ecb3ce13c69a7726e7c34db9381a0)
  (define-fun sha3_var_41 () (_ BitVec 256)
    #xd04e30a06a9113e11754c030740c90fb638ecb3ce13c69a7726e7c34db9381a0)
  (define-fun sha3_var_40 () (_ BitVec 256)
    #x19810b0e8704e41228a703118833473244792b00185197ee328d020934e0d080)
  (define-fun sha3_var_38 () (_ BitVec 256)
    #xd04e30a06a9113e11754c030740c90fb638ecb3ce13c69a7726e7c34db9381a0)
  (define-fun sha3_var_07 () (_ BitVec 256)
    #x19810b0e8704e41228a703118833473244792b00185197ee328d020934e0d080)
  (define-fun sha3_var_35 () (_ BitVec 256)
    #x19810b0e8704e41228a703118833473244792b00185197ee328d020934e0d080)
  (define-fun sha3_var_34 () (_ BitVec 256)
    #xd04e30a06a9113e11754c030740c90fb638ecb3ce13c69a7726e7c34db9381a0)
  (define-fun sha3_var_22 () (_ BitVec 256)
    #x19810b0e8704e41228a703118833473244792b00185197ee328d020934e0d080)
  (define-fun sha3_var_24 () (_ BitVec 256)
    #x19810b0e8704e41228a703118833473244792b00185197ee328d020934e0d080)
  (define-fun sha3_var_32 () (_ BitVec 256)
    #xd04e30a06a9113e11754c030740c90fb638ecb3ce13c69a7726e7c34db9381a0)
  (define-fun sha3_var_19 () (_ BitVec 256)
    #xd04e30a06a9113e11754c030740c90fb638ecb3ce13c69a7726e7c34db9381a0)
  (define-fun call_exit_code_00 () (_ BitVec 256)
    #xffffffffffffffffffffffffffffffffffffffffffffffffffffffffffffffff)
  (define-fun sha3_var_28 () (_ BitVec 256)
    #x19810b0e8704e41228a703118833473244792b00185197ee328d020934e0d080)
  (define-fun sha3_var_27 () (_ BitVec 256)
    #x19810b0e8704e41228a703118833473244792b00185197ee328d020934e0d080)
  (define-fun sha3_var_26 () (_ BitVec 256)
    #x19810b0e8704e41228a703118833473244792b00185197ee328d020934e0d080)
  (define-fun sha3_var_14 () (_ BitVec 256)
    #x19810b0e8704e41228a703118833473244792b00185197ee328d020934e0d080)
  (define-fun sha3_var_11 () (_ BitVec 256)
    #xd04e30a06a9113e11754c030740c90fb638ecb3ce13c69a7726e7c34db9381a0)
  (define-fun sha3_var_06 () (_ BitVec 256)
    #xd04e30a06a9113e11754c030740c90fb638ecb3ce13c69a7726e7c34db9381a0)
  (define-fun sha3_var_30 () (_ BitVec 256)
    #xd04e30a06a9113e11754c030740c90fb638ecb3ce13c69a7726e7c34db9381a0)
  (define-fun sha3_var_21 () (_ BitVec 256)
    #x19810b0e8704e41228a703118833473244792b00185197ee328d020934e0d080)
  (define-fun sha3_var_29 () (_ BitVec 256)
    #x19810b0e8704e41228a703118833473244792b00185197ee328d020934e0d080)
  (define-fun sha3_var_23 () (_ BitVec 256)
    #x2ff2c4f2346b596ba1681e2e47d0280c9e405095278694188510dbc30a3c6f58)
  (define-fun sha3_var_01 () (_ BitVec 256)
    #x19810b0e8704e41228a703118833473244792b00185197ee328d020934e0d080)
  (define-fun sha3_var_00 () (_ BitVec 256)
    #x2ff2c4f2346b596ba1681e2e47d0280c9e405095278694188510dbc30a3c6f58)
  (define-fun sha3_var_18 () (_ BitVec 256)
    #x19810b0e8704e41228a703118833473244792b00185197ee328d020934e0d080)
  (define-fun storage_0xaaaa0001_161_2_01 () (Array (_ BitVec 512) (_ BitVec 256))
    (store ((as const (Array (_ BitVec 512) (_ BitVec 256)))
         #x0000000000000000000000000000000000000000000000000000000000000000)
       #x00000000000000000000000000000000000000000000000000000000000000000000000000000000000000000000000000000000000000000000000000000000
       #x0000000000000000000000000000000000000000033b2e3c9fd0803ce8000000))
  (define-fun sha3_var_03 () (_ BitVec 256)
    #xd04e30a06a9113e11754c030740c90fb638ecb3ce13c69a7726e7c34db9381a0)
  (define-fun sha3_var_36 () (_ BitVec 256)
    #x19810b0e8704e41228a703118833473244792b00185197ee328d020934e0d080)
  (define-fun sha3_var_02 () (_ BitVec 256)
    #xd04e30a06a9113e11754c030740c90fb638ecb3ce13c69a7726e7c34db9381a0)
  (define-fun sha3_var_20 () (_ BitVec 256)
    #x2ff2c4f2346b596ba1681e2e47d0280c9e405095278694188510dbc30a3c6f58)
  (define-fun sha3_var_39 () (_ BitVec 256)
    #x19810b0e8704e41228a703118833473244792b00185197ee328d020934e0d080)
  (define-fun sha3_var_33 () (_ BitVec 256)
    #xd04e30a06a9113e11754c030740c90fb638ecb3ce13c69a7726e7c34db9381a0)
  (define-fun sha3_var_25 () (_ BitVec 256)
    #x19810b0e8704e41228a703118833473244792b00185197ee328d020934e0d080)
  (define-fun storage_0xaaaa0001_157_2_04 () (Array (_ BitVec 512) (_ BitVec 256))
    (store ((as const (Array (_ BitVec 512) (_ BitVec 256)))
         #x0000000000000000000000000000000000000000000000000000000000000000)
       #x00000000000000000000000000000000000000000000000000000000000000000000000000000000000000000000000000000000000000000000000000000000
       #x0000000000000000000000002548a692c7042e1caf13c63947c44f4081c64c00))
  (define-fun sha3_var_13 () (_ BitVec 256)
    #x19810b0e8704e41228a703118833473244792b00185197ee328d020934e0d080)
  (define-fun sha3_var_31 () (_ BitVec 256)
    #xd04e30a06a9113e11754c030740c90fb638ecb3ce13c69a7726e7c34db9381a0)
  (define-fun sha3_var_16 () (_ BitVec 256)
    #xd04e30a06a9113e11754c030740c90fb638ecb3ce13c69a7726e7c34db9381a0)
  (define-fun storage_0xaaaa0001_157_2_02 () (Array (_ BitVec 512) (_ BitVec 256))
    (store ((as const (Array (_ BitVec 512) (_ BitVec 256)))
         #x0000000000000000000000000000000000000000000000000000000000000000)
       #x00000000000000000000000000000000000000000000000000000000000000000000000000000000000000000000000000000000000000000000000000000000
       #x0000000000000000000000002548a692c7042e1caf13c63947c44f4081c64c00))
  (define-fun sha3_var_10 () (_ BitVec 256)
    #xd04e30a06a9113e11754c030740c90fb638ecb3ce13c69a7726e7c34db9381a0)
  (define-fun sha3_var_08 () (_ BitVec 256)
    #x19810b0e8704e41228a703118833473244792b00185197ee328d020934e0d080)
  (define-fun storage_0xaaaa0001_157_2_03 () (Array (_ BitVec 512) (_ BitVec 256))
    ((as const (Array (_ BitVec 512) (_ BitVec 256)))
  #x0000000000000000000000000000000000000000000000000000000000000000))
  (define-fun sha3_var_04 () (_ BitVec 256)
    #x19810b0e8704e41228a703118833473244792b00185197ee328d020934e0d080)
  (define-fun sha3_var_17 () (_ BitVec 256)
    #x19810b0e8704e41228a703118833473244792b00185197ee328d020934e0d080)
  (define-fun sha3_var_12 () (_ BitVec 256)
    #xd04e30a06a9113e11754c030740c90fb638ecb3ce13c69a7726e7c34db9381a0)
  (define-fun extcodesize ((x!0 (_ BitVec 160))) (_ BitVec 256)
    (ite (= x!0 #x0000000000000000000000000000000000000000)
      #xffffffffffffffffffffffffffffffffffffffffffffffffffffffffffffffff
    (ite (= x!0 #x7109709ecfa91a80626ff3989d68f67f5b1dd12d)
      #x0000000000000000000000000000000000000000000000000000000000000003
      #x0000000000000000000000000000000000000000000000000000000000000000)))
  (define-fun call_288 ((x!0 (_ BitVec 256))
   (x!1 (_ BitVec 256))
   (x!2 (_ BitVec 160))
   (x!3 (_ BitVec 256))
   (x!4 (_ BitVec 288))) (_ BitVec 256)
    (ite (and (= x!0
                 #x0000000000000000000000000000000000000000000000000000000000000000)
              (= x!1
                 #x0000000000000000000000000000000000000000000000000000000000000000)
              (= x!2 #x7109709ecfa91a80626ff3989d68f67f5b1dd12d)
              (= x!3
                 #x0000000000000000000000000000000000000000000000000000000000000000)
              (= x!4
                 #x4c63e5620000000000000000000000000000000000000000000000000000000000000001))
      #xffffffffffffffffffffffffffffffffffffffffffffffffffffffffffffffff
      #x0000000000000000000000000000000000000000000000000000000000000000))
  (define-fun sha3_512 ((x!0 (_ BitVec 512))) (_ BitVec 256)
    (ite (= x!0
            #x000000000000000000000000000000000000000000000000000000000000000000000000000000000000000000000000000000000000000000000000000000a1)
      #x19810b0e8704e41228a703118833473244792b00185197ee328d020934e0d080
    (ite (= x!0
            #x0000000000000000000000000000000000000000000000000000000000000000000000000000000000000000000000000000000000000000000000000000009d)
      #xd04e30a06a9113e11754c030740c90fb638ecb3ce13c69a7726e7c34db9381a0
    (ite (= x!0
            #x000000000000000000000000000000000000000000000000000000000000000000000000000000000000000000000000000000000000000000000000000000a2)
      #x2ff2c4f2346b596ba1681e2e47d0280c9e405095278694188510dbc30a3c6f58
      #x0000000000000000000000000000000000000000000000000000000000000000))))
  (define-fun gas ((x!0 (_ BitVec 256))) (_ BitVec 256)
    #x0000000000000000000000000000000000000000000000000000000000000000)
  (define-fun evm_bvudiv ((x!0 (_ BitVec 256)) (x!1 (_ BitVec 256))) (_ BitVec
     256)
    #x0000000000000000000000000000000000000000000000000000000000000000)
)